This is pdfTeX, Version 3.1415926-2.4-1.40.13 (TeX Live 2012) (format=pdflatex 2012.6.30)  14 OCT 2015 14:30
entering extended mode
 restricted \write18 enabled.
 %&-line parsing enabled.
**\input fluidequations.tex
(./fluidequations.tex
(/usr/local/texlive/2012/texmf-dist/tex/latex/base/article.cls
Document Class: article 2007/10/19 v1.4h Standard LaTeX document class
(/usr/local/texlive/2012/texmf-dist/tex/latex/base/size10.clo
File: size10.clo 2007/10/19 v1.4h Standard LaTeX file (size option)
)
\c@part=\count79
\c@section=\count80
\c@subsection=\count81
\c@subsubsection=\count82
\c@paragraph=\count83
\c@subparagraph=\count84
\c@figure=\count85
\c@table=\count86
\abovecaptionskip=\skip41
\belowcaptionskip=\skip42
\bibindent=\dimen102
)
(/usr/local/texlive/2012/texmf-dist/tex/latex/graphics/graphicx.sty
Package: graphicx 1999/02/16 v1.0f Enhanced LaTeX Graphics (DPC,SPQR)

(/usr/local/texlive/2012/texmf-dist/tex/latex/graphics/keyval.sty
Package: keyval 1999/03/16 v1.13 key=value parser (DPC)
\KV@toks@=\toks14
)
(/usr/local/texlive/2012/texmf-dist/tex/latex/graphics/graphics.sty
Package: graphics 2009/02/05 v1.0o Standard LaTeX Graphics (DPC,SPQR)

(/usr/local/texlive/2012/texmf-dist/tex/latex/graphics/trig.sty
Package: trig 1999/03/16 v1.09 sin cos tan (DPC)
)
(/usr/local/texlive/2012/texmf-dist/tex/latex/latexconfig/graphics.cfg
File: graphics.cfg 2010/04/23 v1.9 graphics configuration of TeX Live
)
Package graphics Info: Driver file: pdftex.def on input line 91.

(/usr/local/texlive/2012/texmf-dist/tex/latex/pdftex-def/pdftex.def
File: pdftex.def 2011/05/27 v0.06d Graphics/color for pdfTeX

(/usr/local/texlive/2012/texmf-dist/tex/generic/oberdiek/infwarerr.sty
Package: infwarerr 2010/04/08 v1.3 Providing info/warning/error messages (HO)
)
(/usr/local/texlive/2012/texmf-dist/tex/generic/oberdiek/ltxcmds.sty
Package: ltxcmds 2011/11/09 v1.22 LaTeX kernel commands for general use (HO)
)
\Gread@gobject=\count87
))
\Gin@req@height=\dimen103
\Gin@req@width=\dimen104
)
(/usr/local/texlive/2012/texmf-dist/tex/latex/amsmath/amsmath.sty
Package: amsmath 2000/07/18 v2.13 AMS math features
\@mathmargin=\skip43

For additional information on amsmath, use the `?' option.
(/usr/local/texlive/2012/texmf-dist/tex/latex/amsmath/amstext.sty
Package: amstext 2000/06/29 v2.01

(/usr/local/texlive/2012/texmf-dist/tex/latex/amsmath/amsgen.sty
File: amsgen.sty 1999/11/30 v2.0
\@emptytoks=\toks15
\ex@=\dimen105
))
(/usr/local/texlive/2012/texmf-dist/tex/latex/amsmath/amsbsy.sty
Package: amsbsy 1999/11/29 v1.2d
\pmbraise@=\dimen106
)
(/usr/local/texlive/2012/texmf-dist/tex/latex/amsmath/amsopn.sty
Package: amsopn 1999/12/14 v2.01 operator names
)
\inf@bad=\count88
LaTeX Info: Redefining \frac on input line 211.
\uproot@=\count89
\leftroot@=\count90
LaTeX Info: Redefining \overline on input line 307.
\classnum@=\count91
\DOTSCASE@=\count92
LaTeX Info: Redefining \ldots on input line 379.
LaTeX Info: Redefining \dots on input line 382.
LaTeX Info: Redefining \cdots on input line 467.
\Mathstrutbox@=\box26
\strutbox@=\box27
\big@size=\dimen107
LaTeX Font Info:    Redeclaring font encoding OML on input line 567.
LaTeX Font Info:    Redeclaring font encoding OMS on input line 568.
\macc@depth=\count93
\c@MaxMatrixCols=\count94
\dotsspace@=\muskip10
\c@parentequation=\count95
\dspbrk@lvl=\count96
\tag@help=\toks16
\row@=\count97
\column@=\count98
\maxfields@=\count99
\andhelp@=\toks17
\eqnshift@=\dimen108
\alignsep@=\dimen109
\tagshift@=\dimen110
\tagwidth@=\dimen111
\totwidth@=\dimen112
\lineht@=\dimen113
\@envbody=\toks18
\multlinegap=\skip44
\multlinetaggap=\skip45
\mathdisplay@stack=\toks19
LaTeX Info: Redefining \[ on input line 2666.
LaTeX Info: Redefining \] on input line 2667.
)
(/usr/local/texlive/2012/texmf-dist/tex/latex/preprint/fullpage.sty
Package: fullpage 1999/02/23 1.1 (PWD)
\FP@margin=\skip46
)
(/usr/local/texlive/2012/texmf-dist/tex/latex/graphics/color.sty
Package: color 2005/11/14 v1.0j Standard LaTeX Color (DPC)

(/usr/local/texlive/2012/texmf-dist/tex/latex/latexconfig/color.cfg
File: color.cfg 2007/01/18 v1.5 color configuration of teTeX/TeXLive
)
Package color Info: Driver file: pdftex.def on input line 130.
)
(/usr/local/texlive/2012/texmf-dist/tex/latex/mdframed/mdframed.sty
Package: mdframed 2012/04/08 v1.5: mdframed

(/usr/local/texlive/2012/texmf-dist/tex/latex/oberdiek/kvoptions.sty
Package: kvoptions 2011/06/30 v3.11 Key value format for package options (HO)

(/usr/local/texlive/2012/texmf-dist/tex/generic/oberdiek/kvsetkeys.sty
Package: kvsetkeys 2012/04/25 v1.16 Key value parser (HO)

(/usr/local/texlive/2012/texmf-dist/tex/generic/oberdiek/etexcmds.sty
Package: etexcmds 2011/02/16 v1.5 Avoid name clashes with e-TeX commands (HO)

(/usr/local/texlive/2012/texmf-dist/tex/generic/oberdiek/ifluatex.sty
Package: ifluatex 2010/03/01 v1.3 Provides the ifluatex switch (HO)
Package ifluatex Info: LuaTeX not detected.
)
Package etexcmds Info: Could not find \expanded.
(etexcmds)             That can mean that you are not using pdfTeX 1.50 or
(etexcmds)             that some package has redefined \expanded.
(etexcmds)             In the latter case, load this package earlier.
)))
(/usr/local/texlive/2012/texmf-dist/tex/latex/l3packages/xparse/xparse.sty
(/usr/local/texlive/2012/texmf-dist/tex/latex/l3kernel/expl3.sty
(/usr/local/texlive/2012/texmf-dist/tex/latex/l3kernel/l3names.sty
(/usr/local/texlive/2012/texmf-dist/tex/latex/l3kernel/l3bootstrap.sty
Package: l3bootstrap 2011/12/29 v3110 L3 Experimental bootstrap code
)
Package: l3names 2012/03/04 v3494 L3 Experimental namespace for primitives
)
(/usr/local/texlive/2012/texmf-dist/tex/latex/etex-pkg/etex.sty
Package: etex 1998/03/26 v2.0 eTeX basic definition package (PEB)
\et@xins=\count100
)
Package: expl3 2012/04/23 v3570 L3 Experimental code bundle wrapper

(/usr/local/texlive/2012/texmf-dist/tex/latex/l3kernel/l3basics.sty
Package: l3basics 2012/03/04 v3491 L3 Experimental basic definitions
)
(/usr/local/texlive/2012/texmf-dist/tex/latex/l3kernel/l3expan.sty
Package: l3expan 2012/02/26 v3460 L3 Experimental argument expansion
)
(/usr/local/texlive/2012/texmf-dist/tex/latex/l3kernel/l3tl.sty
Package: l3tl 2012/03/04 v3490 L3 Experimental token lists
)
(/usr/local/texlive/2012/texmf-dist/tex/latex/l3kernel/l3seq.sty
Package: l3seq 2012/03/04 v3490 L3 Experimental sequences and stacks
)
(/usr/local/texlive/2012/texmf-dist/tex/latex/l3kernel/l3int.sty
Package: l3int 2012/03/04 v3490 L3 Experimental integers
\c_max_int=\count101
\l_tmpa_int=\count102
\l_tmpb_int=\count103
\l_tmpc_int=\count104
\g_tmpa_int=\count105
\g_tmpb_int=\count106
)
(/usr/local/texlive/2012/texmf-dist/tex/latex/l3kernel/l3quark.sty
Package: l3quark 2012/02/12 v3384 L3 Experimental quarks
)
(/usr/local/texlive/2012/texmf-dist/tex/latex/l3kernel/l3prg.sty
Package: l3prg 2012/03/04 v3490 L3 Experimental control structures
\g_prg_map_int=\count107
)
(/usr/local/texlive/2012/texmf-dist/tex/latex/l3kernel/l3clist.sty
Package: l3clist 2012/03/04 v3490 L3 Experimental comma separated lists
)
(/usr/local/texlive/2012/texmf-dist/tex/latex/l3kernel/l3token.sty
Package: l3token 2012/03/04 v3491 L3 Experimental token manipulation
)
(/usr/local/texlive/2012/texmf-dist/tex/latex/l3kernel/l3prop.sty
Package: l3prop 2012/03/04 v3490 L3 Experimental property lists
)
(/usr/local/texlive/2012/texmf-dist/tex/latex/l3kernel/l3msg.sty
Package: l3msg 2012/04/23 v3568 L3 Experimental messages
)
(/usr/local/texlive/2012/texmf-dist/tex/latex/l3kernel/l3file.sty
Package: l3file 2012/03/09 v3520 L3 Experimental file and I/O operations
\l_iow_stream_int=\count108
\l_iow_line_length_int=\count109
\l_iow_target_length_int=\count110
\l_iow_current_line_int=\count111
\l_iow_current_word_int=\count112
\l_iow_current_indentation_int=\count113
)
(/usr/local/texlive/2012/texmf-dist/tex/latex/l3kernel/l3skip.sty
Package: l3skip 2012/03/05 v3499 L3 Experimental dimensions and skips
\l_tmpa_dim=\dimen114
\l_tmpb_dim=\dimen115
\l_tmpc_dim=\dimen116
\g_tmpa_dim=\dimen117
\g_tmpb_dim=\dimen118
\l_tmpa_skip=\skip47
\l_tmpb_skip=\skip48
\l_tmpc_skip=\skip49
\g_tmpa_skip=\skip50
\g_tmpb_skip=\skip51
)
(/usr/local/texlive/2012/texmf-dist/tex/latex/l3kernel/l3keys.sty
Package: l3keys 2012/03/03 v3487 L3 Experimental key-value interfaces
\g_keyval_level_int=\count114
\l_keys_choice_int=\count115
)
(/usr/local/texlive/2012/texmf-dist/tex/latex/l3kernel/l3fp.sty
Package: l3fp 2012/03/04 v3490 L3 Experimental floating-point operations
\c_one_million=\count116
\c_one_hundred_million=\count117
\c_five_hundred_million=\count118
\c_one_thousand_million=\count119
\c_fp_pi_by_four_decimal_int=\count120
\c_fp_pi_by_four_extended_int=\count121
\c_fp_pi_decimal_int=\count122
\c_fp_pi_extended_int=\count123
\c_fp_two_pi_decimal_int=\count124
\c_fp_two_pi_extended_int=\count125
\l_fp_count_int=\count126
\l_fp_div_offset_int=\count127
\l_fp_exp_integer_int=\count128
\l_fp_exp_decimal_int=\count129
\l_fp_exp_extended_int=\count130
\l_fp_exp_exponent_int=\count131
\l_fp_input_a_sign_int=\count132
\l_fp_input_a_integer_int=\count133
\l_fp_input_a_decimal_int=\count134
\l_fp_input_a_exponent_int=\count135
\l_fp_input_b_sign_int=\count136
\l_fp_input_b_integer_int=\count137
\l_fp_input_b_decimal_int=\count138
\l_fp_input_b_exponent_int=\count139
\l_fp_input_a_extended_int=\count140
\l_fp_input_b_extended_int=\count141
\l_fp_mul_a_i_int=\count142
\l_fp_mul_a_ii_int=\count143
\l_fp_mul_a_iii_int=\count144
\l_fp_mul_a_iv_int=\count145
\l_fp_mul_a_v_int=\count146
\l_fp_mul_a_vi_int=\count147
\l_fp_mul_b_i_int=\count148
\l_fp_mul_b_ii_int=\count149
\l_fp_mul_b_iii_int=\count150
\l_fp_mul_b_iv_int=\count151
\l_fp_mul_b_v_int=\count152
\l_fp_mul_b_vi_int=\count153
\l_fp_mul_output_int=\count154
\l_fp_output_sign_int=\count155
\l_fp_output_integer_int=\count156
\l_fp_output_decimal_int=\count157
\l_fp_output_exponent_int=\count158
\l_fp_output_extended_int=\count159
\l_fp_round_position_int=\count160
\l_fp_round_target_int=\count161
\l_fp_split_sign_int=\count162
\l_fp_internal_int=\count163
\l_fp_trig_octant_int=\count164
\l_fp_trig_sign_int=\count165
\l_fp_trig_decimal_int=\count166
\l_fp_trig_extended_int=\count167
\l_fp_internal_dim=\dimen119
\l_fp_internal_skip=\skip52
)
(/usr/local/texlive/2012/texmf-dist/tex/latex/l3kernel/l3box.sty
Package: l3box 2012/03/04 v3490 L3 Experimental boxes
\l_tmpb_box=\box28
\l_box_top_dim=\dimen120
\l_box_bottom_dim=\dimen121
\l_box_left_dim=\dimen122
\l_box_right_dim=\dimen123
\l_box_top_new_dim=\dimen124
\l_box_bottom_new_dim=\dimen125
\l_box_left_new_dim=\dimen126
\l_box_right_new_dim=\dimen127
\l_box_internal_box=\box29
)
(/usr/local/texlive/2012/texmf-dist/tex/latex/l3kernel/l3coffins.sty
Package: l3coffins 2012/03/03 v3482 L3 Experimental coffin code layer
\l_coffin_internal_box=\box30
\l_coffin_internal_dim=\dimen128
\l_coffin_offset_x_dim=\dimen129
\l_coffin_offset_y_dim=\dimen130
\l_coffin_x_dim=\dimen131
\l_coffin_y_dim=\dimen132
\l_coffin_x_prime_dim=\dimen133
\l_coffin_y_prime_dim=\dimen134
\l_coffin_Depth_dim=\dimen135
\l_coffin_Height_dim=\dimen136
\l_coffin_TotalHeight_dim=\dimen137
\l_coffin_Width_dim=\dimen138
\c_empty_coffin=\box31
\l_coffin_aligned_coffin=\box32
\l_coffin_aligned_internal_coffin=\box33
\l_coffin_bounding_shift_dim=\dimen139
\l_coffin_left_corner_dim=\dimen140
\l_coffin_right_corner_dim=\dimen141
\l_coffin_bottom_corner_dim=\dimen142
\l_coffin_top_corner_dim=\dimen143
\l_coffin_scaled_total_height_dim=\dimen144
\l_coffin_scaled_width_dim=\dimen145
\l_coffin_display_coffin=\box34
\l_coffin_display_coord_coffin=\box35
\l_coffin_display_pole_coffin=\box36
\l_coffin_display_offset_dim=\dimen146
\l_coffin_display_x_dim=\dimen147
\l_coffin_display_y_dim=\dimen148
)
(/usr/local/texlive/2012/texmf-dist/tex/latex/l3kernel/l3color.sty
Package: l3color 2011/09/07 v2776 L3 Experimental colour support
)
(/usr/local/texlive/2012/texmf-dist/tex/latex/l3kernel/l3luatex.sty
Package: l3luatex 2012/02/09 v3355 L3 Experimental LuaTeX-specific functions
\g_cctab_allocate_int=\count168
\g_cctab_stack_int=\count169
))
Package: xparse 2012/04/23 v3570 L3 Experimental document command parser
\l_xparse_current_arg_int=\count170
\l_xparse_m_args_int=\count171
\l_xparse_mandatory_args_int=\count172
\l_xparse_processor_int=\count173
\l_xparse_v_nesting_int=\count174
)
(/usr/local/texlive/2012/texmf-dist/tex/latex/etoolbox/etoolbox.sty
Package: etoolbox 2011/01/03 v2.1 e-TeX tools for LaTeX
\etb@tempcnta=\count175
)
(/usr/local/texlive/2012/texmf-dist/tex/latex/oberdiek/zref-abspage.sty
Package: zref-abspage 2012/04/04 v2.24 Module abspage for zref (HO)

(/usr/local/texlive/2012/texmf-dist/tex/latex/oberdiek/zref-base.sty
Package: zref-base 2012/04/04 v2.24 Module base for zref (HO)

(/usr/local/texlive/2012/texmf-dist/tex/generic/oberdiek/kvdefinekeys.sty
Package: kvdefinekeys 2011/04/07 v1.3 Define keys (HO)
)
(/usr/local/texlive/2012/texmf-dist/tex/generic/oberdiek/pdftexcmds.sty
Package: pdftexcmds 2011/11/29 v0.20 Utility functions of pdfTeX for LuaTeX (HO
)

(/usr/local/texlive/2012/texmf-dist/tex/generic/oberdiek/ifpdf.sty
Package: ifpdf 2011/01/30 v2.3 Provides the ifpdf switch (HO)
Package ifpdf Info: pdfTeX in PDF mode is detected.
)
Package pdftexcmds Info: LuaTeX not detected.
Package pdftexcmds Info: \pdf@primitive is available.
Package pdftexcmds Info: \pdf@ifprimitive is available.
Package pdftexcmds Info: \pdfdraftmode found.
)
(/usr/local/texlive/2012/texmf-dist/tex/latex/oberdiek/auxhook.sty
Package: auxhook 2011/03/04 v1.3 Hooks for auxiliary files (HO)
)
Package zref Info: New property list: main on input line 759.
Package zref Info: New property: default on input line 760.
Package zref Info: New property: page on input line 761.
)
(/usr/local/texlive/2012/texmf-dist/tex/generic/oberdiek/atbegshi.sty
Package: atbegshi 2011/10/05 v1.16 At begin shipout hook (HO)
)
\c@abspage=\count176
Package zref Info: New property: abspage on input line 62.
)
\mdf@templength=\skip53
\c@mdf@globalstyle@cnt=\count177
\mdf@skipabove@length=\skip54
\mdf@skipbelow@length=\skip55
\mdf@leftmargin@length=\skip56
\mdf@rightmargin@length=\skip57
\mdf@innerleftmargin@length=\skip58
\mdf@innerrightmargin@length=\skip59
\mdf@innertopmargin@length=\skip60
\mdf@innerbottommargin@length=\skip61
\mdf@splittopskip@length=\skip62
\mdf@splitbottomskip@length=\skip63
\mdf@outermargin@length=\skip64
\mdf@innermargin@length=\skip65
\mdf@linewidth@length=\skip66
\mdf@innerlinewidth@length=\skip67
\mdf@middlelinewidth@length=\skip68
\mdf@outerlinewidth@length=\skip69
\mdf@roundcorner@length=\skip70
\mdf@footenotedistance@length=\skip71
\mdf@userdefinedwidth@length=\skip72
\mdf@frametitleaboveskip@length=\skip73
\mdf@frametitlebelowskip@length=\skip74
\mdf@frametitlerulewidth@length=\skip75
\mdf@frametitleleftmargin@length=\skip76
\mdf@frametitlerightmargin@length=\skip77
\mdf@shadowsize@length=\skip78
\mdf@frametitlebox=\box37
\mdf@footnotebox=\box38
\mdf@splitbox@one=\box39
\mdf@splitbox@two=\box40
\mdfsplitboxwidth=\skip79
\mdfsplitboxtotalwidth=\skip80
\mdfsplitboxheight=\skip81
\mdfsplitboxdepth=\skip82
\mdfsplitboxtotalheight=\skip83
\mdfframetitleboxwidth=\skip84
\mdfframetitleboxtotalwidth=\skip85
\mdfframetitleboxheight=\skip86
\mdfframetitleboxdepth=\skip87
\mdfframetitleboxtotalheight=\skip88
\mdffootnoteboxwidth=\skip89
\mdffootnoteboxtotalwidth=\skip90
\mdffootnoteboxheight=\skip91
\mdffootnoteboxdepth=\skip92
\mdffootnoteboxtotalheight=\skip93
\mdftotallinewidth=\skip94
\mdfboundingboxwidth=\skip95
\mdfboundingboxtotalwidth=\skip96
\mdfboundingboxheight=\skip97
\mdfboundingboxdepth=\skip98
\mdfboundingboxtotalheight=\skip99
\mdf@freevspace@length=\skip100
\mdf@horizontalwidthofbox@length=\skip101
\mdf@verticalmarginwhole@length=\skip102
.................................................
. LaTeX info: "xparse/define-command"
. 
. Defining document command \newmdtheoremenv with arg. spec. 'O{} m o m o ' on
. line 501.
.................................................
.................................................
. LaTeX info: "xparse/define-command"
. 
. Defining document command \mdtheorem with arg. spec. ' O{} m o m o ' on line
. 581.
.................................................

(/usr/local/texlive/2012/texmf-dist/tex/latex/mdframed/md-frame-0.mdf
File: md-frame-0.mdf 2012/04/08 v1.5: md-frame-0
)
\c@mdf@zref@counter=\count178
Package zref Info: New property: mdf@pagevalue on input line 782.
\mdf@horizontalspaceofbox=\skip103
)
(./fluidequations.aux)
\openout1 = `fluidequations.aux'.

LaTeX Font Info:    Checking defaults for OML/cmm/m/it on input line 24.
LaTeX Font Info:    ... okay on input line 24.
LaTeX Font Info:    Checking defaults for T1/cmr/m/n on input line 24.
LaTeX Font Info:    ... okay on input line 24.
LaTeX Font Info:    Checking defaults for OT1/cmr/m/n on input line 24.
LaTeX Font Info:    ... okay on input line 24.
LaTeX Font Info:    Checking defaults for OMS/cmsy/m/n on input line 24.
LaTeX Font Info:    ... okay on input line 24.
LaTeX Font Info:    Checking defaults for OMX/cmex/m/n on input line 24.
LaTeX Font Info:    ... okay on input line 24.
LaTeX Font Info:    Checking defaults for U/cmr/m/n on input line 24.
LaTeX Font Info:    ... okay on input line 24.

(/usr/local/texlive/2012/texmf-dist/tex/context/base/supp-pdf.mkii
[Loading MPS to PDF converter (version 2006.09.02).]
\scratchcounter=\count179
\scratchdimen=\dimen149
\scratchbox=\box41
\nofMPsegments=\count180
\nofMParguments=\count181
\everyMPshowfont=\toks20
\MPscratchCnt=\count182
\MPscratchDim=\dimen150
\MPnumerator=\count183
\makeMPintoPDFobject=\count184
\everyMPtoPDFconversion=\toks21
) (/usr/local/texlive/2012/texmf-dist/tex/latex/oberdiek/epstopdf-base.sty
Package: epstopdf-base 2010/02/09 v2.5 Base part for package epstopdf

(/usr/local/texlive/2012/texmf-dist/tex/latex/oberdiek/grfext.sty
Package: grfext 2010/08/19 v1.1 Manage graphics extensions (HO)
)
Package grfext Info: Graphics extension search list:
(grfext)             [.png,.pdf,.jpg,.mps,.jpeg,.jbig2,.jb2,.PNG,.PDF,.JPG,.JPE
G,.JBIG2,.JB2,.eps]
(grfext)             \AppendGraphicsExtensions on input line 452.

(/usr/local/texlive/2012/texmf-dist/tex/latex/latexconfig/epstopdf-sys.cfg
File: epstopdf-sys.cfg 2010/07/13 v1.3 Configuration of (r)epstopdf for TeX Liv
e
))
\AtBeginShipoutBox=\box42

Underfull \hbox (badness 10000) in paragraph at lines 42--43

 []

[1

{/usr/local/texlive/2012/texmf-var/fonts/map/pdftex/updmap/pdftex.map}]
[2]

Package mdframed Warning: Unknown definedstyle 0
 You have to define a style 
 via \mdfdefinedstyle
(mdframed)                 on input line 138.

[3] [4] (./fluidequations.aux) ) 
Here is how much of TeX's memory you used:
 7929 strings out of 493488
 133699 string characters out of 3141326
 203376 words of memory out of 3000000
 11117 multiletter control sequences out of 15000+200000
 9867 words of font info for 36 fonts, out of 3000000 for 9000
 957 hyphenation exceptions out of 8191
 38i,12n,29p,846b,322s stack positions out of 5000i,500n,10000p,200000b,50000s
</usr/local/texlive/2012/texmf-dist/fonts/type1
/public/amsfonts/cm/cmbx10.pfb></usr/local/texlive/2012/texmf-dist/fonts/type1/
public/amsfonts/cm/cmex10.pfb></usr/local/texlive/2012/texmf-dist/fonts/type1/p
ublic/amsfonts/cmextra/cmex7.pfb></usr/local/texlive/2012/texmf-dist/fonts/type
1/public/amsfonts/cmextra/cmex9.pfb></usr/local/texlive/2012/texmf-dist/fonts/t
ype1/public/amsfonts/cm/cmmi10.pfb></usr/local/texlive/2012/texmf-dist/fonts/ty
pe1/public/amsfonts/cm/cmmi5.pfb></usr/local/texlive/2012/texmf-dist/fonts/type
1/public/amsfonts/cm/cmmi6.pfb></usr/local/texlive/2012/texmf-dist/fonts/type1/
public/amsfonts/cm/cmmi7.pfb></usr/local/texlive/2012/texmf-dist/fonts/type1/pu
blic/amsfonts/cm/cmmi9.pfb></usr/local/texlive/2012/texmf-dist/fonts/type1/publ
ic/amsfonts/cm/cmr10.pfb></usr/local/texlive/2012/texmf-dist/fonts/type1/public
/amsfonts/cm/cmr12.pfb></usr/local/texlive/2012/texmf-dist/fonts/type1/public/a
msfonts/cm/cmr17.pfb></usr/local/texlive/2012/texmf-dist/fonts/type1/public/ams
fonts/cm/cmr7.pfb></usr/local/texlive/2012/texmf-dist/fonts/type1/public/amsfon
ts/cm/cmr9.pfb></usr/local/texlive/2012/texmf-dist/fonts/type1/public/amsfonts/
cm/cmsy10.pfb></usr/local/texlive/2012/texmf-dist/fonts/type1/public/amsfonts/c
m/cmsy7.pfb></usr/local/texlive/2012/texmf-dist/fonts/type1/public/amsfonts/cm/
cmsy9.pfb>
Output written on fluidequations.pdf (4 pages, 175606 bytes).
PDF statistics:
 85 PDF objects out of 1000 (max. 8388607)
 61 compressed objects within 1 object stream
 0 named destinations out of 1000 (max. 500000)
 1 words of extra memory for PDF output out of 10000 (max. 10000000)

